#
# There is insufficient memory for the Java Runtime Environment to continue.
# Native memory allocation (malloc) failed to allocate 32744 bytes for ChunkPool::allocate
# Possible reasons:
#   The system is out of physical RAM or swap space
#   In 32 bit mode, the process size limit was hit
# Possible solutions:
#   Reduce memory load on the system
#   Increase physical memory or swap space
#   Check if swap backing store is full
#   Use 64 bit Java on a 64 bit OS
#   Decrease Java heap size (-Xmx/-Xms)
#   Decrease number of Java threads
#   Decrease Java thread stack sizes (-Xss)
#   Set larger code cache with -XX:ReservedCodeCacheSize=
# This output file may be truncated or incomplete.
#
#  Out of Memory Error (allocation.cpp:273), pid=3340, tid=3752
#
# JRE version: Java(TM) SE Runtime Environment (8.0_31-b13) (build 1.8.0_31-b13)
# Java VM: Java HotSpot(TM) 64-Bit Server VM (25.31-b07 mixed mode windows-amd64 compressed oops)
# Failed to write core dump. Minidumps are not enabled by default on client versions of Windows
#

---------------  T H R E A D  ---------------

Current thread (0x0000000053d10000):  JavaThread "C1 CompilerThread1" daemon [_thread_in_native, id=3752, stack(0x00000000553f0000,0x00000000554f0000)]

Stack: [0x00000000553f0000,0x00000000554f0000]
[error occurred during error reporting (printing stack bounds), id 0xc0000005]

Native frames: (J=compiled Java code, j=interpreted, Vv=VM code, C=native code)
V  [jvm.dll+0x3169ba]


Current CompileTask:
C1: 919004 2788   !   3       scrollyv8.gamePanel::run (3740 bytes)


---------------  P R O C E S S  ---------------

Java Threads: ( => current thread )
  0x000000005d6be800 JavaThread "DestroyJavaVM" [_thread_blocked, id=1308, stack(0x0000000002570000,0x0000000002670000)]
  0x0000000057a46000 JavaThread "Java Sound Sequencer" [_thread_blocked, id=3184, stack(0x0000000061bb0000,0x0000000061cb0000)]
  0x000000005d6c1800 JavaThread "Thread-15" daemon [_thread_blocked, id=4268, stack(0x00000000619b0000,0x0000000061ab0000)]
  0x000000005d6c0800 JavaThread "Thread-14" daemon [_thread_blocked, id=5096, stack(0x00000000617b0000,0x00000000618b0000)]
  0x000000005d6c0000 JavaThread "D3D Screen Updater" daemon [_thread_blocked, id=4752, stack(0x000000005f280000,0x000000005f380000)]
  0x000000005d6bd800 JavaThread "Thread-12" [_thread_blocked, id=4644, stack(0x000000005e960000,0x000000005ea60000)]
  0x000000005d6bd000 JavaThread "Thread-11" daemon [_thread_blocked, id=4732, stack(0x000000005f0e0000,0x000000005f1e0000)]
  0x000000005d6bc000 JavaThread "Thread-10" daemon [_thread_blocked, id=3992, stack(0x000000005ef50000,0x000000005f050000)]
  0x000000005d6bb800 JavaThread "Java Sound Sequencer" [_thread_blocked, id=2212, stack(0x000000005ea90000,0x000000005eb90000)]
  0x000000005d6ba800 JavaThread "Thread-8" daemon [_thread_blocked, id=3156, stack(0x000000005e540000,0x000000005e640000)]
  0x000000005d2b1800 JavaThread "Thread-7" daemon [_thread_blocked, id=1700, stack(0x000000005bf80000,0x000000005c080000)]
  0x0000000057a25000 JavaThread "Java Sound Event Dispatcher" daemon [_thread_blocked, id=4128, stack(0x000000005e2c0000,0x000000005e3c0000)]
  0x0000000057876800 JavaThread "AWT-Windows" daemon [_thread_in_native, id=3388, stack(0x000000005c090000,0x000000005c190000)]
  0x000000005789e800 JavaThread "Java2D Disposer" daemon [_thread_blocked, id=2976, stack(0x000000005bbf0000,0x000000005bcf0000)]
  0x0000000055734000 JavaThread "Prism Font Disposer" daemon [_thread_blocked, id=3064, stack(0x00000000585e0000,0x00000000586e0000)]
  0x0000000055891000 JavaThread "Thread-3" daemon [_thread_in_native, id=4184, stack(0x0000000057330000,0x0000000057430000)]
  0x0000000055860000 JavaThread "Thread-1" daemon [_thread_blocked, id=4256, stack(0x0000000055d50000,0x0000000055e50000)]
  0x0000000055530000 JavaThread "Service Thread" daemon [_thread_blocked, id=1512, stack(0x0000000055a10000,0x0000000055b10000)]
=>0x0000000053d10000 JavaThread "C1 CompilerThread1" daemon [_thread_in_native, id=3752, stack(0x00000000553f0000,0x00000000554f0000)]
  0x0000000053d0a800 JavaThread "C2 CompilerThread0" daemon [_thread_blocked, id=3872, stack(0x0000000055250000,0x0000000055350000)]
  0x0000000053d05000 JavaThread "Attach Listener" daemon [_thread_blocked, id=4056, stack(0x0000000055080000,0x0000000055180000)]
  0x0000000053d03800 JavaThread "Signal Dispatcher" daemon [_thread_blocked, id=4740, stack(0x0000000054ed0000,0x0000000054fd0000)]
  0x0000000053ca5000 JavaThread "Finalizer" daemon [_thread_blocked, id=4300, stack(0x0000000054dc0000,0x0000000054ec0000)]
  0x0000000053c9c000 JavaThread "Reference Handler" daemon [_thread_blocked, id=3856, stack(0x0000000054c70000,0x0000000054d70000)]

Other Threads:
  0x0000000053c98800 VMThread [stack: 0x0000000054a10000,0x0000000054b10000] [id=3044]
  0x0000000055531000 WatcherThread [stack: 0x0000000054b70000,0x0000000054c70000] [id=4340]

VM state:at safepoint (normal execution)

VM Mutex/Monitor currently owned by a thread:  ([mutex/lock_event])
[0x000000000231dc00] Threads_lock - owner thread: 0x0000000053c98800

Heap:
 PSYoungGen      total 117248K, used 16141K [0x00000000f5580000, 0x00000000fd280000, 0x0000000100000000)
  eden space 108544K, 14% used [0x00000000f5580000,0x00000000f650b510,0x00000000fbf80000)
  from space 8704K, 2% used [0x00000000fca00000,0x00000000fca38000,0x00000000fd280000)
  to   space 9728K, 0% used [0x00000000fbf80000,0x00000000fbf80000,0x00000000fc900000)
 ParOldGen       total 105984K, used 78033K [0x00000000e0000000, 0x00000000e6780000, 0x00000000f5580000)
  object space 105984K, 73% used [0x00000000e0000000,0x00000000e4c347d0,0x00000000e6780000)
 Metaspace       used 20875K, capacity 21500K, committed 21760K, reserved 1069056K
  class space    used 2831K, capacity 2991K, committed 3072K, reserved 1048576K

Card table byte_map: [0x0000000002440000,0x0000000002550000] byte_map_base: 0x0000000001d40000

Marking Bits: (ParMarkBitMap*) 0x00000000730bd4f0
 Begin Bits: [0x0000000012340000, 0x0000000012b40000)
 End Bits:   [0x0000000012b40000, 0x0000000013340000)

Polling page: 0x00000000001b0000

CodeCache: size=245760Kb used=8464Kb max_used=8464Kb free=237295Kb
 bounds [0x0000000002940000, 0x00000000031d0000, 0x0000000011940000]
 total_blobs=3269 nmethods=2482 adapters=701
 compilation: enabled

Compilation events (10 events):
Event: 893.960 Thread 0x0000000053d10000 2781       1       com.sun.media.sound.SoftFilter::setFilterType (6 bytes)
Event: 893.961 Thread 0x0000000053d10000 nmethod 2781 0x0000000002cea010 code [0x0000000002cea160, 0x0000000002cea270]
Event: 894.711 Thread 0x0000000053d0a800 2785 % !   4       com.sun.media.sound.SoftVoice::processControlLogic @ 489 (1100 bytes)
Event: 895.615 Thread 0x0000000053d0a800 nmethod 2785% 0x0000000002a95e50 code [0x0000000002a96100, 0x0000000002a96cc8]
Event: 896.842 Thread 0x0000000053d0a800 2786   !   4       com.sun.media.sound.SoftVoice::processControlLogic (1100 bytes)
Event: 897.605 Thread 0x0000000053d0a800 nmethod 2786 0x0000000002f68090 code [0x0000000002f68460, 0x0000000002f69ed0]
Event: 899.763 Thread 0x0000000053d10000 2787 % !   3       scrollyv8.gamePanel::run @ 0 (3740 bytes)
Event: 902.842 Thread 0x0000000053d10000 nmethod 2787% 0x0000000003196910 code [0x0000000003199000, 0x00000000031b8818]
Event: 914.489 Thread 0x0000000053d10000 2788   !   3       scrollyv8.gamePanel::run (3740 bytes)
Event: 915.066 Thread 0x0000000053d0a800 2789 % !   4       com.sun.media.sound.SoftChannel::setPolyPressure @ 74 (141 bytes)

GC Heap History (10 events):
Event: 43.756 GC heap before
{Heap before GC invocations=17 (full 3):
 PSYoungGen      total 64000K, used 55296K [0x00000000f5580000, 0x00000000fb900000, 0x0000000100000000)
  eden space 55296K, 100% used [0x00000000f5580000,0x00000000f8b80000,0x00000000f8b80000)
  from space 8704K, 0% used [0x00000000f8b80000,0x00000000f8b80000,0x00000000f9400000)
  to   space 8192K, 0% used [0x00000000fb100000,0x00000000fb100000,0x00000000fb900000)
 ParOldGen       total 105984K, used 59781K [0x00000000e0000000, 0x00000000e6780000, 0x00000000f5580000)
  object space 105984K, 56% used [0x00000000e0000000,0x00000000e3a617f0,0x00000000e6780000)
 Metaspace       used 20153K, capacity 20798K, committed 21248K, reserved 1067008K
  class space    used 2787K, capacity 2952K, committed 3072K, reserved 1048576K
Event: 43.764 GC heap after
Heap after GC invocations=17 (full 3):
 PSYoungGen      total 80896K, used 6308K [0x00000000f5580000, 0x00000000fb780000, 0x0000000100000000)
  eden space 74240K, 0% used [0x00000000f5580000,0x00000000f5580000,0x00000000f9e00000)
  from space 6656K, 94% used [0x00000000fb100000,0x00000000fb729360,0x00000000fb780000)
  to   space 8704K, 0% used [0x00000000fa680000,0x00000000fa680000,0x00000000faf00000)
 ParOldGen       total 105984K, used 65254K [0x00000000e0000000, 0x00000000e6780000, 0x00000000f5580000)
  object space 105984K, 61% used [0x00000000e0000000,0x00000000e3fb9b40,0x00000000e6780000)
 Metaspace       used 20153K, capacity 20798K, committed 21248K, reserved 1067008K
  class space    used 2787K, capacity 2952K, committed 3072K, reserved 1048576K
}
Event: 103.712 GC heap before
{Heap before GC invocations=18 (full 3):
 PSYoungGen      total 80896K, used 80548K [0x00000000f5580000, 0x00000000fb780000, 0x0000000100000000)
  eden space 74240K, 100% used [0x00000000f5580000,0x00000000f9e00000,0x00000000f9e00000)
  from space 6656K, 94% used [0x00000000fb100000,0x00000000fb729360,0x00000000fb780000)
  to   space 8704K, 0% used [0x00000000fa680000,0x00000000fa680000,0x00000000faf00000)
 ParOldGen       total 105984K, used 65254K [0x00000000e0000000, 0x00000000e6780000, 0x00000000f5580000)
  object space 105984K, 61% used [0x00000000e0000000,0x00000000e3fb9b40,0x00000000e6780000)
 Metaspace       used 20816K, capacity 21436K, committed 21760K, reserved 1069056K
  class space    used 2830K, capacity 2991K, committed 3072K, reserved 1048576K
Event: 103.726 GC heap after
Heap after GC invocations=18 (full 3):
 PSYoungGen      total 91648K, used 6608K [0x00000000f5580000, 0x00000000fc580000, 0x0000000100000000)
  eden space 82944K, 0% used [0x00000000f5580000,0x00000000f5580000,0x00000000fa680000)
  from space 8704K, 75% used [0x00000000fa680000,0x00000000facf4010,0x00000000faf00000)
  to   space 9216K, 0% used [0x00000000fbc80000,0x00000000fbc80000,0x00000000fc580000)
 ParOldGen       total 105984K, used 71484K [0x00000000e0000000, 0x00000000e6780000, 0x00000000f5580000)
  object space 105984K, 67% used [0x00000000e0000000,0x00000000e45cf0d0,0x00000000e6780000)
 Metaspace       used 20816K, capacity 21436K, committed 21760K, reserved 1069056K
  class space    used 2830K, capacity 2991K, committed 3072K, reserved 1048576K
}
Event: 358.010 GC heap before
{Heap before GC invocations=19 (full 3):
 PSYoungGen      total 91648K, used 89552K [0x00000000f5580000, 0x00000000fc580000, 0x0000000100000000)
  eden space 82944K, 100% used [0x00000000f5580000,0x00000000fa680000,0x00000000fa680000)
  from space 8704K, 75% used [0x00000000fa680000,0x00000000facf4010,0x00000000faf00000)
  to   space 9216K, 0% used [0x00000000fbc80000,0x00000000fbc80000,0x00000000fc580000)
 ParOldGen       total 105984K, used 71484K [0x00000000e0000000, 0x00000000e6780000, 0x00000000f5580000)
  object space 105984K, 67% used [0x00000000e0000000,0x00000000e45cf0d0,0x00000000e6780000)
 Metaspace       used 20833K, capacity 21436K, committed 21760K, reserved 1069056K
  class space    used 2831K, capacity 2991K, committed 3072K, reserved 1048576K
Event: 358.019 GC heap after
Heap after GC invocations=19 (full 3):
 PSYoungGen      total 104960K, used 64K [0x00000000f5580000, 0x00000000fce80000, 0x0000000100000000)
  eden space 95744K, 0% used [0x00000000f5580000,0x00000000f5580000,0x00000000fb300000)
  from space 9216K, 0% used [0x00000000fbc80000,0x00000000fbc90000,0x00000000fc580000)
  to   space 9728K, 0% used [0x00000000fb300000,0x00000000fb300000,0x00000000fbc80000)
 ParOldGen       total 105984K, used 78033K [0x00000000e0000000, 0x00000000e6780000, 0x00000000f5580000)
  object space 105984K, 73% used [0x00000000e0000000,0x00000000e4c347d0,0x00000000e6780000)
 Metaspace       used 20833K, capacity 21436K, committed 21760K, reserved 1069056K
  class space    used 2831K, capacity 2991K, committed 3072K, reserved 1048576K
}
Event: 621.804 GC heap before
{Heap before GC invocations=20 (full 3):
 PSYoungGen      total 104960K, used 95808K [0x00000000f5580000, 0x00000000fce80000, 0x0000000100000000)
  eden space 95744K, 100% used [0x00000000f5580000,0x00000000fb300000,0x00000000fb300000)
  from space 9216K, 0% used [0x00000000fbc80000,0x00000000fbc90000,0x00000000fc580000)
  to   space 9728K, 0% used [0x00000000fb300000,0x00000000fb300000,0x00000000fbc80000)
 ParOldGen       total 105984K, used 78033K [0x00000000e0000000, 0x00000000e6780000, 0x00000000f5580000)
  object space 105984K, 73% used [0x00000000e0000000,0x00000000e4c347d0,0x00000000e6780000)
 Metaspace       used 20835K, capacity 21436K, committed 21760K, reserved 1069056K
  class space    used 2831K, capacity 2991K, committed 3072K, reserved 1048576K
Event: 621.874 GC heap after
Heap after GC invocations=20 (full 3):
 PSYoungGen      total 105472K, used 96K [0x00000000f5580000, 0x00000000fd380000, 0x0000000100000000)
  eden space 95744K, 0% used [0x00000000f5580000,0x00000000f5580000,0x00000000fb300000)
  from space 9728K, 0% used [0x00000000fb300000,0x00000000fb318000,0x00000000fbc80000)
  to   space 9728K, 0% used [0x00000000fca00000,0x00000000fca00000,0x00000000fd380000)
 ParOldGen       total 105984K, used 78033K [0x00000000e0000000, 0x00000000e6780000, 0x00000000f5580000)
  object space 105984K, 73% used [0x00000000e0000000,0x00000000e4c347d0,0x00000000e6780000)
 Metaspace       used 20835K, capacity 21436K, committed 21760K, reserved 1069056K
  class space    used 2831K, capacity 2991K, committed 3072K, reserved 1048576K
}
Event: 881.501 GC heap before
{Heap before GC invocations=21 (full 3):
 PSYoungGen      total 105472K, used 95840K [0x00000000f5580000, 0x00000000fd380000, 0x0000000100000000)
  eden space 95744K, 100% used [0x00000000f5580000,0x00000000fb300000,0x00000000fb300000)
  from space 9728K, 0% used [0x00000000fb300000,0x00000000fb318000,0x00000000fbc80000)
  to   space 9728K, 0% used [0x00000000fca00000,0x00000000fca00000,0x00000000fd380000)
 ParOldGen       total 105984K, used 78033K [0x00000000e0000000, 0x00000000e6780000, 0x00000000f5580000)
  object space 105984K, 73% used [0x00000000e0000000,0x00000000e4c347d0,0x00000000e6780000)
 Metaspace       used 20837K, capacity 21436K, committed 21760K, reserved 1069056K
  class space    used 2831K, capacity 2991K, committed 3072K, reserved 1048576K
Event: 889.269 GC heap after
Heap after GC invocations=21 (full 3):
 PSYoungGen      total 117248K, used 224K [0x00000000f5580000, 0x00000000fd280000, 0x0000000100000000)
  eden space 108544K, 0% used [0x00000000f5580000,0x00000000f5580000,0x00000000fbf80000)
  from space 8704K, 2% used [0x00000000fca00000,0x00000000fca38000,0x00000000fd280000)
  to   space 9728K, 0% used [0x00000000fbf80000,0x00000000fbf80000,0x00000000fc900000)
 ParOldGen       total 105984K, used 78033K [0x00000000e0000000, 0x00000000e6780000, 0x00000000f5580000)
  object space 105984K, 73% used [0x00000000e0000000,0x00000000e4c347d0,0x00000000e6780000)
 Metaspace       used 20837K, capacity 21436K, committed 21760K, reserved 1069056K
  class space    used 2831K, capacity 2991K, committed 3072K, reserved 1048576K
}

Deoptimization events (10 events):
Event: 42.973 Thread 0x000000005d6bd800 Uncommon trap: reason=unreached action=reinterpret pc=0x0000000002dd69d4 method=java.lang.ThreadLocal.get()Ljava/lang/Object; @ 11
Event: 42.979 Thread 0x000000005586b000 Uncommon trap: reason=predicate action=maybe_recompile pc=0x0000000002e855d4 method=java.util.TimSort.binarySort([Ljava/lang/Object;IIILjava/util/Comparator;)V @ 76
Event: 43.850 Thread 0x000000005d6c1800 Uncommon trap: reason=unreached action=reinterpret pc=0x0000000002e893b8 method=com.sun.media.sound.SoftJitterCorrector$JitterStream.read([BII)I @ 4
Event: 57.654 Thread 0x0000000057a46000 Uncommon trap: reason=intrinsic action=make_not_entrant pc=0x000000000311a76c method=com.sun.media.sound.SoftEnvelopeGenerator.processControlLogic()V @ 446
Event: 58.104 Thread 0x0000000057a46000 Uncommon trap: reason=intrinsic action=make_not_entrant pc=0x000000000312a220 method=com.sun.media.sound.SoftEnvelopeGenerator.processControlLogic()V @ 558
Event: 58.705 Thread 0x000000005d6c0800 Uncommon trap: reason=intrinsic action=make_not_entrant pc=0x00000000031384a8 method=com.sun.media.sound.SoftEnvelopeGenerator.processControlLogic()V @ 829
Event: 75.804 Thread 0x0000000057a46000 Uncommon trap: reason=intrinsic action=make_not_entrant pc=0x0000000003166cc8 method=com.sun.media.sound.SoftLowFrequencyOscillator.init(Lcom/sun/media/sound/SoftSynthesizer;)V @ 57
Event: 76.704 Thread 0x0000000057a46000 Uncommon trap: reason=intrinsic action=make_not_entrant pc=0x000000000315e22c method=com.sun.media.sound.SoftLowFrequencyOscillator.init(Lcom/sun/media/sound/SoftSynthesizer;)V @ 57
Event: 889.926 Thread 0x0000000057a46000 Uncommon trap: reason=unreached action=reinterpret pc=0x0000000002e857d0 method=com.sun.media.sound.SoftChannel.noteOff_internal(II)V @ 149
Event: 890.403 Thread 0x000000005d6c0800 Uncommon trap: reason=unreached action=reinterpret pc=0x00000000030ecc80 method=com.sun.media.sound.SoftVoice.processControlLogic()V @ 71

Internal exceptions (10 events):
Event: 40.706 Thread 0x000000005586b000 Exception <a 'java/security/PrivilegedActionException'> (0x00000000f5e06070) thrown at [C:\workspace\8-2-build-windows-amd64-cygwin\jdk8u31\2394\hotspot\src\share\vm\prims\jvm.cpp, line 1312]
Event: 40.713 Thread 0x000000005586b000 Exception <a 'java/security/PrivilegedActionException'> (0x00000000f5e07f90) thrown at [C:\workspace\8-2-build-windows-amd64-cygwin\jdk8u31\2394\hotspot\src\share\vm\prims\jvm.cpp, line 1312]
Event: 41.552 Thread 0x000000005d6bd800 Exception <a 'java/security/PrivilegedActionException'> (0x00000000f5cc03e8) thrown at [C:\workspace\8-2-build-windows-amd64-cygwin\jdk8u31\2394\hotspot\src\share\vm\prims\jvm.cpp, line 1312]
Event: 42.973 Thread 0x000000005d6bd800 Implicit null exception at 0x0000000002dd68f8 to 0x0000000002dd69c1
Event: 42.976 Thread 0x000000005586b000 Exception <a 'java/io/FileNotFoundException'> (0x00000000f5c3a7c8) thrown at [C:\workspace\8-2-build-windows-amd64-cygwin\jdk8u31\2394\hotspot\src\share\vm\prims\jni.cpp, line 716]
Event: 43.325 Thread 0x000000005d6bd800 Exception <a 'java/security/PrivilegedActionException'> (0x00000000f7248818) thrown at [C:\workspace\8-2-build-windows-amd64-cygwin\jdk8u31\2394\hotspot\src\share\vm\prims\jvm.cpp, line 1312]
Event: 43.422 Thread 0x000000005d6bd800 Exception <a 'java/security/PrivilegedActionException'> (0x00000000f72ebea0) thrown at [C:\workspace\8-2-build-windows-amd64-cygwin\jdk8u31\2394\hotspot\src\share\vm\prims\jvm.cpp, line 1312]
Event: 43.515 Thread 0x000000005d6bd800 Exception <a 'java/security/PrivilegedActionException'> (0x00000000f7345800) thrown at [C:\workspace\8-2-build-windows-amd64-cygwin\jdk8u31\2394\hotspot\src\share\vm\prims\jvm.cpp, line 1312]
Event: 43.605 Thread 0x000000005d6bd800 Exception <a 'java/security/PrivilegedActionException'> (0x00000000f7518dd0) thrown at [C:\workspace\8-2-build-windows-amd64-cygwin\jdk8u31\2394\hotspot\src\share\vm\prims\jvm.cpp, line 1312]
Event: 43.850 Thread 0x000000005d6c1800 Implicit null exception at 0x0000000002e8904b to 0x0000000002e8939d

Events (10 events):
Event: 904.004 Thread 0x000000005d6bf000 Thread exited: 0x000000005d6bf000
Event: 904.853 Thread 0x0000000057a46000 DEOPT PACKING pc=0x0000000002de867c sp=0x0000000061caf200
Event: 904.853 Thread 0x0000000057a46000 DEOPT UNPACKING pc=0x00000000029871bf sp=0x0000000061caefa8 mode 0
Event: 910.712 Thread 0x000000005d6bf000 Thread added: 0x000000005d6bf000
Event: 911.604 Thread 0x0000000057a46000 DEOPT PACKING pc=0x0000000002de867c sp=0x0000000061caf200
Event: 911.604 Thread 0x0000000057a46000 DEOPT UNPACKING pc=0x00000000029871bf sp=0x0000000061caefa8 mode 0
Event: 911.713 Executing VM operation: RevokeBias
Event: 911.713 Executing VM operation: RevokeBias done
Event: 911.713 Thread 0x000000005d6bf000 Thread exited: 0x000000005d6bf000
Event: 915.124 Executing VM operation: RevokeBias


Dynamic libraries:
0x000000013f5c0000 - 0x000000013f5f4000 	C:\Program Files\Java\jre1.8.0_31\bin\javaw.exe
0x0000000076e60000 - 0x000000007700a000 	C:\Windows\SYSTEM32\ntdll.dll
0x0000000076d40000 - 0x0000000076e5f000 	C:\Windows\system32\kernel32.dll
0x000007fefce40000 - 0x000007fefceaa000 	C:\Windows\system32\KERNELBASE.dll
0x000007fefd330000 - 0x000007fefd40b000 	C:\Windows\system32\ADVAPI32.dll
0x000007fefebb0000 - 0x000007fefec4f000 	C:\Windows\system32\msvcrt.dll
0x000007fefd310000 - 0x000007fefd32f000 	C:\Windows\SYSTEM32\sechost.dll
0x000007fefd480000 - 0x000007fefd5ad000 	C:\Windows\system32\RPCRT4.dll
0x0000000076c40000 - 0x0000000076d3a000 	C:\Windows\system32\USER32.dll
0x000007fefd860000 - 0x000007fefd8c7000 	C:\Windows\system32\GDI32.dll
0x000007fefd470000 - 0x000007fefd47e000 	C:\Windows\system32\LPK.dll
0x000007fefd790000 - 0x000007fefd85a000 	C:\Windows\system32\USP10.dll
0x000007fefb250000 - 0x000007fefb444000 	C:\Windows\WinSxS\amd64_microsoft.windows.common-controls_6595b64144ccf1df_6.0.7601.18837_none_fa3b1e3d17594757\COMCTL32.dll
0x000007fefe700000 - 0x000007fefe771000 	C:\Windows\system32\SHLWAPI.dll
0x000007fefea10000 - 0x000007fefea3e000 	C:\Windows\system32\IMM32.DLL
0x000007fefd1b0000 - 0x000007fefd2b9000 	C:\Windows\system32\MSCTF.dll
0x0000000073d00000 - 0x0000000073dd2000 	C:\Program Files\Java\jre1.8.0_31\bin\msvcr100.dll
0x00000000728e0000 - 0x000000007313a000 	C:\Program Files\Java\jre1.8.0_31\bin\server\jvm.dll
0x000007fef8f60000 - 0x000007fef8f69000 	C:\Windows\system32\WSOCK32.dll
0x000007fefd2c0000 - 0x000007fefd30d000 	C:\Windows\system32\WS2_32.dll
0x000007fefeba0000 - 0x000007fefeba8000 	C:\Windows\system32\NSI.dll
0x000007fef74f0000 - 0x000007fef752b000 	C:\Windows\system32\WINMM.dll
0x0000000077030000 - 0x0000000077037000 	C:\Windows\system32\PSAPI.DLL
0x00000000747e0000 - 0x00000000747ef000 	C:\Program Files\Java\jre1.8.0_31\bin\verify.dll
0x0000000074400000 - 0x0000000074428000 	C:\Program Files\Java\jre1.8.0_31\bin\java.dll
0x00000000743e0000 - 0x00000000743f6000 	C:\Program Files\Java\jre1.8.0_31\bin\zip.dll
0x000007fefd8d0000 - 0x000007fefe65a000 	C:\Windows\system32\SHELL32.dll
0x000007fefcfa0000 - 0x000007fefd1a3000 	C:\Windows\system32\ole32.dll
0x000007fefcbf0000 - 0x000007fefcbff000 	C:\Windows\system32\profapi.dll
0x00000000742c0000 - 0x00000000742ec000 	C:\Program Files\Java\jre1.8.0_31\bin\prism_d3d.dll
0x000007fee75a0000 - 0x000007fee779f000 	C:\Windows\system32\d3d9.dll
0x000007fefbcd0000 - 0x000007fefbcdc000 	C:\Windows\system32\VERSION.dll
0x000007fefb240000 - 0x000007fefb247000 	C:\Windows\system32\d3d8thk.dll
0x000007fefa8b0000 - 0x000007fefa8c8000 	C:\Windows\system32\dwmapi.dll
0x000007fefb1a0000 - 0x000007fefb1f6000 	C:\Windows\system32\uxtheme.dll
0x000007fee66a0000 - 0x000007fee7599000 	C:\Windows\system32\nvd3dumx.dll
0x0000000073e30000 - 0x0000000073e72000 	C:\Program Files\Java\jre1.8.0_31\bin\glass.dll
0x000007feff0b0000 - 0x000007feff147000 	C:\Windows\system32\COMDLG32.dll
0x000007fefeac0000 - 0x000007fefeb98000 	C:\Windows\system32\OLEAUT32.dll
0x000007fefc9e0000 - 0x000007fefc9ef000 	C:\Windows\system32\CRYPTBASE.dll
0x000007fefb5e0000 - 0x000007fefb60c000 	C:\Windows\system32\powrprof.dll
0x000007fefd5b0000 - 0x000007fefd787000 	C:\Windows\system32\SETUPAPI.dll
0x000007fefcf30000 - 0x000007fefcf66000 	C:\Windows\system32\CFGMGR32.dll
0x000007fefcf10000 - 0x000007fefcf2a000 	C:\Windows\system32\DEVOBJ.dll
0x00000000742a0000 - 0x00000000742b5000 	C:\Program Files\Java\jre1.8.0_31\bin\javafx_font.dll
0x000007fef0710000 - 0x000007fef08a7000 	C:\Windows\system32\dwrite.dll
0x000007fefe660000 - 0x000007fefe6f9000 	C:\Windows\system32\CLBCatQ.DLL
0x000007fef75f0000 - 0x000007fef7751000 	C:\Windows\system32\WindowsCodecs.dll
0x000007fefca90000 - 0x000007fefcae7000 	C:\Windows\system32\apphelp.dll
0x000007fef53c0000 - 0x000007fef55ff000 	C:\PROGRA~1\MICROS~2\Office15\GROOVEEX.DLL
0x00000000745b0000 - 0x0000000074648000 	C:\Windows\system32\MSVCP100.dll
0x0000000074820000 - 0x000000007484b000 	C:\Windows\system32\ATL100.DLL
0x000007fef6350000 - 0x000007fef666e000 	C:\Windows\system32\msi.dll
0x000007fef35c0000 - 0x000007fef3e4d000 	C:\PROGRA~1\MICROS~2\Office15\1031\GrooveIntlResource.dll
0x000007fef74b0000 - 0x000007fef74e5000 	C:\Windows\system32\EhStorShell.dll
0x000007fefb460000 - 0x000007fefb58c000 	C:\Windows\system32\PROPSYS.dll
0x000007fef44b0000 - 0x000007fef4b1f000 	C:\PROGRA~1\MICROS~2\Office14\GROOVEEX.DLL
0x00000000733b0000 - 0x0000000073453000 	C:\Windows\WinSxS\amd64_microsoft.vc90.crt_1fc8b3b9a1e18e3b_9.0.30729.6161_none_08e61857a83bc251\MSVCR90.dll
0x00000000744d0000 - 0x00000000745a3000 	C:\Windows\WinSxS\amd64_microsoft.vc90.crt_1fc8b3b9a1e18e3b_9.0.30729.6161_none_08e61857a83bc251\MSVCP90.dll
0x00000000747f0000 - 0x000000007481f000 	C:\Windows\WinSxS\amd64_microsoft.vc90.atl_1fc8b3b9a1e18e3b_9.0.30729.6161_none_0a1fd3a3a768b895\ATL90.DLL
0x000007fef3f10000 - 0x000007fef432a000 	C:\PROGRA~1\COMMON~1\MICROS~1\OFFICE14\Cultures\office.odf
0x000007fef1740000 - 0x000007fef1fcb000 	C:\PROGRA~1\MICROS~2\Office14\1031\GrooveIntlResource.dll
0x000007fef7410000 - 0x000007fef748e000 	C:\Windows\System32\cscui.dll
0x000007fefa240000 - 0x000007fefa24c000 	C:\Windows\System32\CSCDLL.dll
0x000007fef3f00000 - 0x000007fef3f0f000 	C:\Windows\system32\CSCAPI.dll
0x000007fef7380000 - 0x000007fef7400000 	C:\Windows\system32\ntshrui.dll
0x000007fefc660000 - 0x000007fefc683000 	C:\Windows\system32\srvcli.dll
0x000007fefab40000 - 0x000007fefab4b000 	C:\Windows\system32\slc.dll
0x000007fef9f50000 - 0x000007fef9f58000 	C:\Windows\system32\IconCodecService.dll
0x0000000073ce0000 - 0x0000000073cf1000 	C:\Program Files\Java\jre1.8.0_31\bin\prism_common.dll
0x0000000073e00000 - 0x0000000073e25000 	C:\Program Files\Java\jre1.8.0_31\bin\javafx_iio.dll
0x0000000073b40000 - 0x0000000073cd8000 	C:\Program Files\Java\jre1.8.0_31\bin\awt.dll
0x00000000747d0000 - 0x00000000747dc000 	C:\Program Files\Java\jre1.8.0_31\bin\jsound.dll
0x0000000074290000 - 0x000000007429b000 	C:\Program Files\Java\jre1.8.0_31\bin\jsoundds.dll
0x000007fef32f0000 - 0x000007fef3378000 	C:\Windows\system32\DSOUND.dll
0x000007fefb590000 - 0x000007fefb5db000 	C:\Windows\system32\MMDevAPI.DLL
0x000007fefa5c0000 - 0x000007fefa5fb000 	C:\Windows\system32\wdmaud.drv
0x0000000074960000 - 0x0000000074966000 	C:\Windows\system32\ksuser.dll
0x000007fefb450000 - 0x000007fefb459000 	C:\Windows\system32\AVRT.dll
0x000007fefa820000 - 0x000007fefa86f000 	C:\Windows\system32\AUDIOSES.DLL
0x000007fefa760000 - 0x000007fefa76a000 	C:\Windows\system32\msacm32.drv
0x000007fef7530000 - 0x000007fef7548000 	C:\Windows\system32\MSACM32.dll
0x000007fef5f90000 - 0x000007fef5f99000 	C:\Windows\system32\midimap.dll
0x0000000073ae0000 - 0x0000000073b11000 	C:\Program Files\Java\jre1.8.0_31\bin\jpeg.dll
0x0000000073a90000 - 0x0000000073ad7000 	C:\Program Files\Java\jre1.8.0_31\bin\fontmanager.dll
0x00000000743c0000 - 0x00000000743da000 	C:\Program Files\Java\jre1.8.0_31\bin\net.dll
0x000007fefc380000 - 0x000007fefc3d5000 	C:\Windows\system32\mswsock.dll
0x000007fefc370000 - 0x000007fefc377000 	C:\Windows\System32\wship6.dll
0x00000000743a0000 - 0x00000000743b1000 	C:\Program Files\Java\jre1.8.0_31\bin\nio.dll
0x0000000073a40000 - 0x0000000073a81000 	C:\Program Files\Java\jre1.8.0_31\bin\t2k.dll

VM Arguments:
jvm_args: -Dfile.encoding=Cp1252 
java_command: application.WISSLearnCards
java_class_path (initial): C:\Users\Public\Documents\Workspace\Lernkartei\bin;C:\Users\Public\Documents\Workspace\Lernkartei\src\mariadb-java-client-1.4.2.jar;C:\Users\Public\Documents\Workspace\Lernkartei\src\mysql-connector-java-5.1.38-bin.jar;C:\Users\Public\Documents\Workspace\Lernkartei\src\opencsv-3.7.jar;C:\Users\Public\Documents\Workspace\Lernkartei\src\org.json.jar;C:\Users\Public\Documents\Workspace\Lernkartei\src\sqlite-jdbc-3.8.11.2.jar;C:\Users\WISS\.p2\pool\plugins\org.junit_4.12.0.v201504281640\junit.jar;C:\Users\WISS\.p2\pool\plugins\org.hamcrest.core_1.3.0.v201303031735.jar
Launcher Type: SUN_STANDARD

Environment Variables:
PATH=C:/Program Files/Java/jre1.8.0_31/bin/server;C:/Program Files/Java/jre1.8.0_31/bin;C:/Program Files/Java/jre1.8.0_31/lib/amd64;C:\Program Files (x86)\Qucs\bin;C:\ProgramData\Oracle\Java\javapath;C:\Windows\system32;C:\Windows;C:\Windows\System32\Wbem;C:\Windows\System32\WindowsPowerShell\v1.0\;C:\Program Files\Intel\DMIX;C:\Program Files\Intel\WiFi\bin\;C:\Program Files\Common Files\Intel\WirelessCommon\;c:\Program Files\WIDCOMM\Bluetooth Software\;C:\Program Files (x86)\Common Files\Roxio Shared\DLLShared\;C:\Program Files (x86)\IVI Foundation\IVI\bin;C:\Program Files\IVI Foundation\IVI\bin;C:\Program Files\IVI Foundation\VISA\Win64\Bin\;C:\Program Files (x86)\IVI Foundation\VISA\WinNT\Bin\;C:\Program Files (x86)\IVI Foundation\VISA\WinNT\Bin;C:\Program Files (x86)\MySQL\MySQL Utilities\;C:\Program Files (x86)\MySQL\MySQL Utilities\Doctrine extensions for PHP\;C:\Program Files\Microsoft DNX\Dnvm\;C:\Program Files (x86)\Windows Kits\10\Windows Performance Toolkit\;C:\Program Files\REC GmbH\robotino\api2\bin;C:\Program Files (x86)\mingw32\bin;c:\iverilog\bin;c:\iverilog\gtkwave\bin;C:\xampp2\php;C:\Users\WISS\AppData\Local\ComposerSetup\bin;C:\Users\WISS\eclipse\jee-mars\eclipse;
USERNAME=WISS
OS=Windows_NT
PROCESSOR_IDENTIFIER=Intel64 Family 6 Model 37 Stepping 2, GenuineIntel



---------------  S Y S T E M  ---------------

OS: Windows 7 , 64 bit Build 7601 Service Pack 1

CPU:total 3 (2 cores per cpu, 2 threads per core) family 6 model 37 stepping 2, cmov, cx8, fxsr, mmx, sse, sse2, sse3, ssse3, sse4.1, sse4.2, popcnt, aes, clmul, ht, tsc, tscinvbit

Memory: 4k page, physical 2096604k(81876k free), swap 5069620k(148k free)

vm_info: Java HotSpot(TM) 64-Bit Server VM (25.31-b07) for windows-amd64 JRE (1.8.0_31-b13), built on Dec 17 2014 21:00:28 by "java_re" with MS VC++ 10.0 (VS2010)

time: Sun Apr 24 21:30:47 2016
elapsed time: 918 seconds (0d 0h 15m 18s)

